<?xml version="1.0" encoding="UTF-8"?>
<testsuite xmlns:xsi="http://www.w3.org/2001/XMLSchema-instance" xsi:noNamespaceSchemaLocation="https://maven.apache.org/surefire/maven-surefire-plugin/xsd/surefire-test-report.xsd" version="3.0.2" name="com.zcxt.ZcxtApplicationTests" time="5.432" tests="1" errors="0" skipped="0" failures="0">
  <properties>
[...]
</properties>
  <testcase name="contextLoads" classname="com.zcxt.ZcxtApplicationTests" time="0.672">
    <system-out><![CDATA[04:22:07.425 [main] INFO org.springframework.test.context.support.AnnotationConfigContextLoaderUtils -- Could not detect default configuration classes for test class [com.zcxt.ZcxtApplicationTests]: ZcxtApplicationTests does not declare any static, non-private, non-final, nested classes annotated with @Configuration.
04:22:07.533 [main] INFO org.springframework.boot.test.context.SpringBootTestContextBootstrapper -- Found @SpringBootConfiguration com.zcxt.ZcxtApplication for test class com.zcxt.ZcxtApplicationTests

  .   ____          _            __ _ _
 /\\ / ___'_ __ _ _(_)_ __  __ _ \ \ \ \
( ( )\___ | '_ | '_| | '_ \/ _` | \ \ \ \
 \\/  ___)| |_)| | | | | || (_| |  ) ) ) )
  '  |____| .__|_| |_|_| |_\__, | / / / /
 =========|_|==============|___/=/_/_/_/

 :: Spring Boot ::                (v3.4.5)

2026-04-16T04:22:07.937Z  INFO 36706 --- [zcxt-backend] [           main] com.zcxt.ZcxtApplicationTests            : Starting ZcxtApplicationTests using Java 25.0.2 with PID 36706 (started by root in /workspace/zcxt/backend)
2026-04-16T04:22:07.938Z  INFO 36706 --- [zcxt-backend] [           main] com.zcxt.ZcxtApplicationTests            : The following 1 profile is active: "dev"
2026-04-16T04:22:09.990Z  INFO 36706 --- [zcxt-backend] [           main] com.zaxxer.hikari.HikariDataSource       : HikariPool-1 - Starting...
2026-04-16T04:22:10.194Z  INFO 36706 --- [zcxt-backend] [           main] com.zaxxer.hikari.pool.HikariPool        : HikariPool-1 - Added connection conn0: url=jdbc:h2:file:./data/h2/zcxt user=SA
2026-04-16T04:22:10.196Z  INFO 36706 --- [zcxt-backend] [           main] com.zaxxer.hikari.HikariDataSource       : HikariPool-1 - Start completed.
2026-04-16T04:22:10.234Z  INFO 36706 --- [zcxt-backend] [           main] org.flywaydb.core.FlywayExecutor         : Database: jdbc:h2:file:./data/h2/zcxt (H2 2.3)
2026-04-16T04:22:10.242Z  WARN 36706 --- [zcxt-backend] [           main] o.f.c.internal.database.base.Database    : Flyway upgrade recommended: H2 2.3.232 is newer than this version of Flyway and support has not been tested. The latest supported version of H2 is 2.2.224.
2026-04-16T04:22:10.270Z  INFO 36706 --- [zcxt-backend] [           main] o.f.core.internal.command.DbValidate     : Successfully validated 2 migrations (execution time 00:00.018s)
2026-04-16T04:22:10.280Z  INFO 36706 --- [zcxt-backend] [           main] o.f.core.internal.command.DbMigrate      : Current version of schema "public": 1
2026-04-16T04:22:10.297Z  INFO 36706 --- [zcxt-backend] [           main] o.f.core.internal.command.DbMigrate      : Migrating schema "public" to version "2 - complete features"
2026-04-16T04:22:10.314Z  INFO 36706 --- [zcxt-backend] [           main] o.f.core.internal.command.DbMigrate      : Successfully applied 1 migration to schema "public", now at version v2 (execution time 00:00.011s)
 _ _   |_  _ _|_. ___ _ |    _ 
| | |\/|_)(_| | |_\  |_)||_|_\ 
     /               |         
                        3.5.10.1 
2026-04-16T04:22:10.941Z  INFO 36706 --- [zcxt-backend] [           main] r$InitializeUserDetailsManagerConfigurer : Global AuthenticationManager configured with UserDetailsService bean with name customUserDetailsService
2026-04-16T04:22:11.908Z  INFO 36706 --- [zcxt-backend] [           main] o.s.b.a.h2.H2ConsoleAutoConfiguration    : H2 console available at '/h2-console'. Database available at 'jdbc:h2:file:./data/h2/zcxt'
2026-04-16T04:22:12.041Z  INFO 36706 --- [zcxt-backend] [           main] com.zcxt.ZcxtApplicationTests            : Started ZcxtApplicationTests in 4.385 seconds (process running for 5.262)
]]></system-out>
    <system-err><![CDATA[Mockito is currently self-attaching to enable the inline-mock-maker. This will no longer work in future releases of the JDK. Please add Mockito as an agent to your build what is described in Mockito's documentation: https://javadoc.io/doc/org.mockito/mockito-core/latest/org/mockito/Mockito.html#0.3
WARNING: A Java agent has been loaded dynamically (/root/.m2/repository/net/bytebuddy/byte-buddy-agent/1.15.11/byte-buddy-agent-1.15.11.jar)
WARNING: If a serviceability tool is in use, please run with -XX:+EnableDynamicAgentLoading to hide this warning
WARNING: If a serviceability tool is not in use, please run with -Djdk.instrument.traceUsage for more information
WARNING: Dynamic loading of agents will be disallowed by default in a future release
]]></system-err>
  </testcase>
</testsuite>